Fr 1. Sep 14:48:06 CEST 2023
htc-cmp137
/home/htc/bzfkostr/Git/FinalCode/Unstable-PSO/1D

Hello! This is task number 76
Fr 1. Sep 14:48:23 CEST 2023
Fr 1. Sep 14:48:23 CEST 2023
htc-cmp137
/home/htc/bzfkostr/Git/FinalCode/Unstable-PSO/1D
Traceback (most recent call last):
  File "/home/htc/bzfkostr/Git/FinalCode/Unstable-PSO/1D/Measures1D.py", line 40, in <module>
    HarmonicG=np.load(path+'G_s'+str(nameHarmonic[function_number])+str(s)+'.npy')
  File "/usr/lib/python3/dist-packages/numpy/lib/npyio.py", line 439, in load
    return format.read_array(fid, allow_pickle=allow_pickle,
  File "/usr/lib/python3/dist-packages/numpy/lib/format.py", line 771, in read_array
    array.shape = shape
ValueError: cannot reshape array of size 0 into shape (1,2000)
6
6
6
1
1
1
7
7
7
5
5
5
Fr 1. Sep 15:35:41 CEST 2023
