Fr 1. Sep 14:12:13 CEST 2023
htc-cmp140
/home/htc/bzfkostr/Git/FinalCode/Unstable-PSO/1D

Hello! This is task number 54
Fr 1. Sep 14:12:28 CEST 2023
Fr 1. Sep 14:12:28 CEST 2023
htc-cmp140
/home/htc/bzfkostr/Git/FinalCode/Unstable-PSO/1D
/usr/lib/python3/dist-packages/numpy/core/_asarray.py:136: VisibleDeprecationWarning: Creating an ndarray from ragged nested sequences (which is a list-or-tuple of lists-or-tuples-or ndarrays with different lengths or shapes) is deprecated. If you meant to do this, you must specify 'dtype=object' when creating the ndarray
  return array(a, dtype, copy=False, order=order, subok=True)
Traceback (most recent call last):
  File "/home/htc/bzfkostr/Git/FinalCode/Unstable-PSO/1D/Measures1D.py", line 20, in <module>
    OrbitG=np.load(path+'G_s'+str(nameOrbit[function_number])+str(s)+'.npy')
  File "/usr/lib/python3/dist-packages/numpy/lib/npyio.py", line 444, in load
    raise ValueError("Cannot load file containing pickled data "
ValueError: Cannot load file containing pickled data when allow_pickle=False
6
6
6
1
1
1
7
7
7
5
5
5
Fr 1. Sep 15:04:56 CEST 2023
