Fr 1. Sep 14:18:42 CEST 2023
htc-cmp121
/home/htc/bzfkostr/Git/FinalCode/Unstable-PSO/1D

Hello! This is task number 60
Fr 1. Sep 14:18:59 CEST 2023
Fr 1. Sep 14:18:59 CEST 2023
htc-cmp121
/home/htc/bzfkostr/Git/FinalCode/Unstable-PSO/1D
/usr/lib/python3/dist-packages/numpy/core/_asarray.py:136: VisibleDeprecationWarning: Creating an ndarray from ragged nested sequences (which is a list-or-tuple of lists-or-tuples-or ndarrays with different lengths or shapes) is deprecated. If you meant to do this, you must specify 'dtype=object' when creating the ndarray
  return array(a, dtype, copy=False, order=order, subok=True)
6
6
6
1
1
1
7
7
7
5
5
5
Fr 1. Sep 15:15:32 CEST 2023
