Fr 1. Sep 15:08:42 CEST 2023
htc-cmp135
/home/htc/bzfkostr/Git/FinalCode/Unstable-PSO/1D

Hello! This is task number 91
Fr 1. Sep 15:08:58 CEST 2023
Fr 1. Sep 15:08:58 CEST 2023
htc-cmp135
/home/htc/bzfkostr/Git/FinalCode/Unstable-PSO/1D
Traceback (most recent call last):
  File "/home/htc/bzfkostr/Git/FinalCode/Unstable-PSO/1D/Measures1D.py", line 20, in <module>
    OrbitG=np.load(path+'G_s'+str(nameOrbit[function_number])+str(s)+'.npy')
  File "/usr/lib/python3/dist-packages/numpy/lib/npyio.py", line 444, in load
    raise ValueError("Cannot load file containing pickled data "
ValueError: Cannot load file containing pickled data when allow_pickle=False
6
6
6
1
1
1
7
7
7
5
5
5
Fr 1. Sep 15:48:50 CEST 2023
