Fr 1. Sep 14:47:35 CEST 2023
htc-cmp130
/home/htc/bzfkostr/Git/FinalCode/Unstable-PSO/1D

Hello! This is task number 73
Fr 1. Sep 14:47:52 CEST 2023
Fr 1. Sep 14:47:52 CEST 2023
htc-cmp130
/home/htc/bzfkostr/Git/FinalCode/Unstable-PSO/1D
/usr/lib/python3/dist-packages/numpy/core/_asarray.py:136: VisibleDeprecationWarning: Creating an ndarray from ragged nested sequences (which is a list-or-tuple of lists-or-tuples-or ndarrays with different lengths or shapes) is deprecated. If you meant to do this, you must specify 'dtype=object' when creating the ndarray
  return array(a, dtype, copy=False, order=order, subok=True)
6
6
6
1
1
1
7
7
7
5
5
5
Fr 1. Sep 15:44:56 CEST 2023
