Do 22. Feb 13:47:17 CET 2024
htc-cmp134
/home/htc/bzfkostr/GitCodePSO/Unstable-PSO/Experiments/1D

Hello! This is task number 2
Traceback (most recent call last):
  File "/home/htc/bzfkostr/GitCodePSO/Unstable-PSO/Experiments/1D/PSO1D.py", line 118, in <module>
    PSO(simulation, nameDivergent[function_number],w_divergent, mu_divergent)
  File "/home/htc/bzfkostr/GitCodePSO/Unstable-PSO/Experiments/1D/PSO1D.py", line 110, in PSO
    np.save(path+'L_s'+str(name)+str(start)+'.npy', LocalBest)
  File "<__array_function__ internals>", line 200, in save
  File "/usr/lib/python3/dist-packages/numpy/lib/npyio.py", line 518, in save
    file_ctx = open(file, "wb")
               ^^^^^^^^^^^^^^^^
PermissionError: [Errno 13] Permission denied: '/home/htc/bzfkostr/SCRATCH/SimulationsPSO/Data1D/L_s0DivergentMu0.14035087719298245Particle10T20002.npy'
Do 22. Feb 13:47:17 CET 2024
Do 22. Feb 13:47:17 CET 2024
htc-cmp134
/home/htc/bzfkostr/GitCodePSO/Unstable-PSO/Experiments/1D
0
Traceback (most recent call last):
  File "/home/htc/bzfkostr/GitCodePSO/Unstable-PSO/Experiments/1D/Measures1D.py", line 24, in <module>
    DivergentG=np.load(path+'G_s'+str(nameDivergent[function_number])+str(s)+'.npy', allow_pickle=True)
               ^^^^^^^^^^^^^^^^^^^^^^^^^^^^^^^^^^^^^^^^^^^^^^^^^^^^^^^^^^^^^^^^^^^^^^^^^^^^^^^^^^^^^^^^
  File "/usr/lib/python3/dist-packages/numpy/lib/npyio.py", line 405, in load
    fid = stack.enter_context(open(os_fspath(file), "rb"))
                              ^^^^^^^^^^^^^^^^^^^^^^^^^^^
PermissionError: [Errno 13] Permission denied: '/home/htc/bzfkostr/SCRATCH/SimulationsPSO/Data1D/G_s0DivergentMu0.14035087719298245Particle10T20000.npy'
6
Traceback (most recent call last):
  File "/home/htc/bzfkostr/GitCodePSO/Unstable-PSO/Experiments/1D/Exploration1D.py", line 88, in <module>
    ExplorationDivergent=fct_local_minima('Divergent', LocalMinimaSchwefel,T_PSO)
                         ^^^^^^^^^^^^^^^^^^^^^^^^^^^^^^^^^^^^^^^^^^^^^^^^^^^^^^^^
  File "/home/htc/bzfkostr/GitCodePSO/Unstable-PSO/Experiments/1D/Exploration1D.py", line 56, in fct_local_minima
    X=np.load(path+'X_s'+str(name)+str(s)+'.npy')
      ^^^^^^^^^^^^^^^^^^^^^^^^^^^^^^^^^^^^^^^^^^^
  File "/usr/lib/python3/dist-packages/numpy/lib/npyio.py", line 405, in load
    fid = stack.enter_context(open(os_fspath(file), "rb"))
                              ^^^^^^^^^^^^^^^^^^^^^^^^^^^
PermissionError: [Errno 13] Permission denied: '/home/htc/bzfkostr/SCRATCH/SimulationsPSO/Data1D/X_s6DivergentMu0.14035087719298245Particle10T20000.npy'
Do 22. Feb 13:47:18 CET 2024
